
--------------------- WARNING ---------------------
MSG: Node has more than two descendants
Will do an arbitrary balanced split
---------------------------------------------------

--------------------- WARNING ---------------------
MSG: At least some nodes do not have a branch length, the distance returned could be wrong
---------------------------------------------------

--------------------- WARNING ---------------------
MSG: At least some nodes do not have a branch length, the distance returned could be wrong
---------------------------------------------------

--------------------- WARNING ---------------------
MSG: At least some nodes do not have a branch length, the distance returned could be wrong
---------------------------------------------------

--------------------- WARNING ---------------------
MSG: At least some nodes do not have a branch length, the distance returned could be wrong
---------------------------------------------------

--------------------- WARNING ---------------------
MSG: At least some nodes do not have a branch length, the distance returned could be wrong
---------------------------------------------------

--------------------- WARNING ---------------------
MSG: At least some nodes do not have a branch length, the distance returned could be wrong
---------------------------------------------------

--------------------- WARNING ---------------------
MSG: At least some nodes do not have a branch length, the distance returned could be wrong
---------------------------------------------------
